C51 COMPILER V9.56.0.0   ONEWIRE                                                           04/16/2017 20:03:19 PAGE 1   


C51 COMPILER V9.56.0.0, COMPILATION OF MODULE ONEWIRE
OBJECT MODULE PLACED IN .\Objects\onewire.obj
COMPILER INVOKED BY: C:\Keil_v5\C51\BIN\C51.EXE onewire.c OPTIMIZE(8,SPEED) BROWSE DEBUG OBJECTEXTEND PRINT(.\Listings\o
                    -newire.lst) TABS(2) OBJECT(.\Objects\onewire.obj)

line level    source

   1          #include "reg52.h"
   2          
   3          sbit DQ = P1^4;
   4          
   5          //单总线延时函数
   6          
   7          void Delay_OneWire(unsigned int t)  //STC89C52RC
   8          {
   9   1        while(t--);
  10   1      }
  11          
  12          //通过单总线向DS18B20写一个字节
  13          void Write_DS18B20(unsigned char dat)
  14          {
  15   1        unsigned char i;
  16   1        for(i=0;i<8;i++)
  17   1        {
  18   2          DQ=1;
  19   2          Delay_OneWire(2);
  20   2          DQ = 0;
  21   2          Delay_OneWire(5);
  22   2          DQ = dat&0x01;
  23   2          Delay_OneWire(66);
  24   2          dat >>= 1;
  25   2          
  26   2        }
  27   1          DQ = 1;
  28   1          Delay_OneWire(11);
  29   1      }
  30          
  31          //从DS18B20读取一个字节
  32          unsigned char Read_DS18B20(void)
  33          {
  34   1        unsigned char i;
  35   1        unsigned char dat=0;
  36   1        
  37   1        for(i=0;i<8;i++)
  38   1        {
  39   2          DQ=1;
  40   2          Delay_OneWire(2);
  41   2          dat >>= 1;
  42   2          DQ = 0;
  43   2          Delay_OneWire(4);
  44   2          DQ = 1;
  45   2          Delay_OneWire(4);
  46   2          if(DQ)
  47   2          {
  48   3            dat |= 0x80;
  49   3          }     
  50   2          Delay_OneWire(66);
  51   2        }
  52   1        DQ = 1;
  53   1        return dat;
  54   1      }
C51 COMPILER V9.56.0.0   ONEWIRE                                                           04/16/2017 20:03:19 PAGE 2   

  55          
  56          //DS18B20初始化
  57          bit init_ds18b20(void)
  58          {
  59   1          bit initflag = 1;
  60   1          while(initflag)
  61   1          {
  62   2            DQ=1;
  63   2            Delay_OneWire(2);
  64   2            DQ = 0;
  65   2            Delay_OneWire(550); // 延时大于480us
  66   2            DQ = 1;
  67   2            Delay_OneWire(66);  
  68   2            initflag = DQ;     // initflag等于1初始化失败
  69   2          }
  70   1          Delay_OneWire(550); 
  71   1          DQ=1;
  72   1          
  73   1          return initflag;
  74   1      }
  75          
  76          //DS18B20温度采集程序：整数
  77          unsigned char rd_temperature(void)
  78          {
  79   1          unsigned char low,high;
  80   1          char temp;
  81   1          
  82   1          init_ds18b20();
  83   1          Write_DS18B20(0xCC);
  84   1          Write_DS18B20(0x44); //启动温度转换
  85   1          Delay_OneWire(200);
  86   1      
  87   1          init_ds18b20();
  88   1          Write_DS18B20(0xCC);
  89   1          Write_DS18B20(0xBE); //读取寄存器
  90   1      
  91   1          low = Read_DS18B20(); //低字节
  92   1          high = Read_DS18B20(); //高字节
  93   1        
  94   1          temp = high<<4;
  95   1          temp |= (low>>4);
  96   1        
  97   1          return temp;
  98   1          
  99   1      }


MODULE INFORMATION:   STATIC OVERLAYABLE
   CODE SIZE        =    208    ----
   CONSTANT SIZE    =   ----    ----
   XDATA SIZE       =   ----    ----
   PDATA SIZE       =   ----    ----
   DATA SIZE        =   ----    ----
   IDATA SIZE       =   ----    ----
   BIT SIZE         =   ----       1
END OF MODULE INFORMATION.


C51 COMPILATION COMPLETE.  0 WARNING(S),  0 ERROR(S)
