C51 COMPILER V9.56.0.0   ______                                                            04/16/2017 20:03:18 PAGE 1   


C51 COMPILER V9.56.0.0, COMPILATION OF MODULE ______
OBJECT MODULE PLACED IN .\Objects\温度计.obj
COMPILER INVOKED BY: C:\Keil_v5\C51\BIN\C51.EXE 温度计.c OPTIMIZE(8,SPEED) BROWSE DEBUG OBJECTEXTEND PRINT(.\Listings\温
                    -度计.lst) TABS(2) OBJECT(.\Objects\温度计.obj)

line level    source

   1          #include "reg52.h"  
   2          #include "onewire.h" 
   3          #include "absacc.h"
   4          
   5          unsigned char dspbuf[8] = {10,10,10,10,10,10,0,0};//显示缓冲区
   6          unsigned char dspcom = 0;
   7          unsigned char intr;
   8          bit temper_flag = 0;//温度读取标志
   9          code unsigned char tab[] = {0xc0,0xf9,0xa4,0xb0,0x99,0x92,0x82,0xf8,0x80,0x90,
  10                                      0xff};
  11          
  12          void display(void);
  13          
  14          //主函数
  15          void main(void)
  16          { 
  17   1          unsigned char temperature;
  18   1          
  19   1          TMOD |= 0x01;  //配置定时器工作模式
  20   1          TH0 = (65536-2000)/256;
  21   1          TL0 = (65536-2000)%256;  
  22   1          EA = 1;
  23   1          ET0 = 1;  //打开定时器中断
  24   1          TR0 = 1;  //启动定时器
  25   1        
  26   1          while(1)
  27   1          {
  28   2              if(temper_flag)
  29   2          {
  30   3            temper_flag = 0;
  31   3            temperature = rd_temperature();  //读温度         
  32   3              }
  33   2          
  34   2          //显示数据更新    
  35   2          dspbuf[6] = temperature/10;       
  36   2          dspbuf[7] = temperature%10; 
  37   2          }
  38   1      }
  39          
  40          //定时器中断服务函数
  41          void isr_timer_0(void)  interrupt 1  //默认中断优先级 1
  42          {
  43   1          TH0 = (65536-2000)/256;
  44   1          TL0 = (65536-2000)%256;  //定时器重载  
  45   1          display();
  46   1        if(++intr == 100)  //2ms执行一次
  47   1        {
  48   2              intr = 0;
  49   2          temper_flag = 1;  //200ms温度读取标志位置1
  50   2          }
  51   1      }
  52          
  53          //显示函数
  54          void display(void)
C51 COMPILER V9.56.0.0   ______                                                            04/16/2017 20:03:18 PAGE 2   

  55          {   
  56   1        P2 = ((P2&0x1f)|0xE0); 
  57   1        P0 = 0xff;
  58   1        P2 &= 0x1f;
  59   1      
  60   1        P2 = ((P2&0x1f)|0xC0); 
  61   1        P0 = 1<<dspcom;
  62   1        P2 &= 0x1f;
  63   1        
  64   1          P2 = ((P2&0x1f)|0xE0); 
  65   1        P0 = tab[dspbuf[dspcom]];
  66   1        P2 &= 0x1f;
  67   1        
  68   1          if(++dspcom == 8){
  69   2              dspcom = 0;
  70   2          }    
  71   1      }


MODULE INFORMATION:   STATIC OVERLAYABLE
   CODE SIZE        =    195    ----
   CONSTANT SIZE    =     11    ----
   XDATA SIZE       =   ----    ----
   PDATA SIZE       =   ----    ----
   DATA SIZE        =     10       1
   IDATA SIZE       =   ----    ----
   BIT SIZE         =      1    ----
END OF MODULE INFORMATION.


C51 COMPILATION COMPLETE.  0 WARNING(S),  0 ERROR(S)
